[2016-06-27 11:02:14] local.ERROR: PDOException: SQLSTATE[42S01]: Base table or view already exists: 1050 Table 'multa' already exists in C:\xampp\htdocs\PapusClubReloaded\vendor\laravel\framework\src\Illuminate\Database\Connection.php:441
Stack trace:
#0 C:\xampp\htdocs\PapusClubReloaded\vendor\laravel\framework\src\Illuminate\Database\Connection.php(441): PDOStatement->execute(Array)
#1 C:\xampp\htdocs\PapusClubReloaded\vendor\laravel\framework\src\Illuminate\Database\Connection.php(706): Illuminate\Database\Connection->Illuminate\Database\{closure}(Object(Illuminate\Database\MySqlConnection), 'create table `m...', Array)
#2 C:\xampp\htdocs\PapusClubReloaded\vendor\laravel\framework\src\Illuminate\Database\Connection.php(669): Illuminate\Database\Connection->runQueryCallback('create table `m...', Array, Object(Closure))
#3 C:\xampp\htdocs\PapusClubReloaded\vendor\laravel\framework\src\Illuminate\Database\Connection.php(442): Illuminate\Database\Connection->run('create table `m...', Array, Object(Closure))
#4 C:\xampp\htdocs\PapusClubReloaded\vendor\laravel\framework\src\Illuminate\Database\Schema\Blueprint.php(83): Illuminate\Database\Connection->statement('create table `m...')
#5 C:\xampp\htdocs\PapusClubReloaded\vendor\laravel\framework\src\Illuminate\Database\Schema\Builder.php(229): Illuminate\Database\Schema\Blueprint->build(Object(Illuminate\Database\MySqlConnection), Object(Illuminate\Database\Schema\Grammars\MySqlGrammar))
#6 C:\xampp\htdocs\PapusClubReloaded\vendor\laravel\framework\src\Illuminate\Database\Schema\Builder.php(148): Illuminate\Database\Schema\Builder->build(Object(Illuminate\Database\Schema\Blueprint))
#7 C:\xampp\htdocs\PapusClubReloaded\vendor\laravel\framework\src\Illuminate\Support\Facades\Facade.php(219): Illuminate\Database\Schema\Builder->create('multa', Object(Closure))
#8 C:\xampp\htdocs\PapusClubReloaded\database\migrations\2016_05_24_220332_create_multa_table.php(24): Illuminate\Support\Facades\Facade::__callStatic('create', Array)
#9 C:\xampp\htdocs\PapusClubReloaded\vendor\laravel\framework\src\Illuminate\Database\Migrations\Migrator.php(147): CreateMultaTable->up()
#10 C:\xampp\htdocs\PapusClubReloaded\vendor\laravel\framework\src\Illuminate\Database\Migrations\Migrator.php(117): Illuminate\Database\Migrations\Migrator->runUp('2016_05_24_2203...', 1, false)
#11 C:\xampp\htdocs\PapusClubReloaded\vendor\laravel\framework\src\Illuminate\Database\Migrations\Migrator.php(86): Illuminate\Database\Migrations\Migrator->runMigrationList(Array, Array)
#12 C:\xampp\htdocs\PapusClubReloaded\vendor\laravel\framework\src\Illuminate\Database\Console\Migrations\MigrateCommand.php(76): Illuminate\Database\Migrations\Migrator->run('C:\\xampp\\htdocs...', Array)
#13 [internal function]: Illuminate\Database\Console\Migrations\MigrateCommand->fire()
#14 C:\xampp\htdocs\PapusClubReloaded\vendor\laravel\framework\src\Illuminate\Container\Container.php(507): call_user_func_array(Array, Array)
#15 C:\xampp\htdocs\PapusClubReloaded\vendor\laravel\framework\src\Illuminate\Console\Command.php(169): Illuminate\Container\Container->call(Array)
#16 C:\xampp\htdocs\PapusClubReloaded\vendor\symfony\console\Command\Command.php(256): Illuminate\Console\Command->execute(Object(Symfony\Component\Console\Input\ArrayInput), Object(Illuminate\Console\OutputStyle))
#17 C:\xampp\htdocs\PapusClubReloaded\vendor\laravel\framework\src\Illuminate\Console\Command.php(155): Symfony\Component\Console\Command\Command->run(Object(Symfony\Component\Console\Input\ArrayInput), Object(Illuminate\Console\OutputStyle))
#18 C:\xampp\htdocs\PapusClubReloaded\vendor\laravel\framework\src\Illuminate\Console\Command.php(185): Illuminate\Console\Command->run(Object(Symfony\Component\Console\Input\ArrayInput), Object(Illuminate\Console\OutputStyle))
#19 C:\xampp\htdocs\PapusClubReloaded\vendor\laravel\framework\src\Illuminate\Database\Console\Migrations\RefreshCommand.php(54): Illuminate\Console\Command->call('migrate', Array)
#20 [internal function]: Illuminate\Database\Console\Migrations\RefreshCommand->fire()
#21 C:\xampp\htdocs\PapusClubReloaded\vendor\laravel\framework\src\Illuminate\Container\Container.php(507): call_user_func_array(Array, Array)
#22 C:\xampp\htdocs\PapusClubReloaded\vendor\laravel\framework\src\Illuminate\Console\Command.php(169): Illuminate\Container\Container->call(Array)
#23 C:\xampp\htdocs\PapusClubReloaded\vendor\symfony\console\Command\Command.php(256): Illuminate\Console\Command->execute(Object(Symfony\Component\Console\Input\ArgvInput), Object(Symfony\Component\Console\Output\ConsoleOutput))
#24 C:\xampp\htdocs\PapusClubReloaded\vendor\laravel\framework\src\Illuminate\Console\Command.php(155): Symfony\Component\Console\Command\Command->run(Object(Symfony\Component\Console\Input\ArgvInput), Object(Symfony\Component\Console\Output\ConsoleOutput))
#25 C:\xampp\htdocs\PapusClubReloaded\vendor\symfony\console\Application.php(791): Illuminate\Console\Command->run(Object(Symfony\Component\Console\Input\ArgvInput), Object(Symfony\Component\Console\Output\ConsoleOutput))
#26 C:\xampp\htdocs\PapusClubReloaded\vendor\symfony\console\Application.php(186): Symfony\Component\Console\Application->doRunCommand(Object(Illuminate\Database\Console\Migrations\RefreshCommand), Object(Symfony\Component\Console\Input\ArgvInput), Object(Symfony\Component\Console\Output\ConsoleOutput))
#27 C:\xampp\htdocs\PapusClubReloaded\vendor\symfony\console\Application.php(117): Symfony\Component\Console\Application->doRun(Object(Symfony\Component\Console\Input\ArgvInput), Object(Symfony\Component\Console\Output\ConsoleOutput))
#28 C:\xampp\htdocs\PapusClubReloaded\vendor\laravel\framework\src\Illuminate\Foundation\Console\Kernel.php(107): Symfony\Component\Console\Application->run(Object(Symfony\Component\Console\Input\ArgvInput), Object(Symfony\Component\Console\Output\ConsoleOutput))
#29 C:\xampp\htdocs\PapusClubReloaded\artisan(29): Illuminate\Foundation\Console\Kernel->handle(Object(Symfony\Component\Console\Input\ArgvInput), Object(Symfony\Component\Console\Output\ConsoleOutput))
#30 {main}

Next Illuminate\Database\QueryException: SQLSTATE[42S01]: Base table or view already exists: 1050 Table 'multa' already exists (SQL: create table `multa` (`id` int unsigned not null auto_increment primary key, `nombre` varchar(255) not null, `descripcion` varchar(255) not null, `montoPenalidad` double not null, `estado` tinyint(1) not null default '1', `fecha_registro` date not null, `deleted_at` timestamp null, `created_at` timestamp null, `updated_at` timestamp null) default character set utf8 collate utf8_unicode_ci) in C:\xampp\htdocs\PapusClubReloaded\vendor\laravel\framework\src\Illuminate\Database\Connection.php:713
Stack trace:
#0 C:\xampp\htdocs\PapusClubReloaded\vendor\laravel\framework\src\Illuminate\Database\Connection.php(669): Illuminate\Database\Connection->runQueryCallback('create table `m...', Array, Object(Closure))
#1 C:\xampp\htdocs\PapusClubReloaded\vendor\laravel\framework\src\Illuminate\Database\Connection.php(442): Illuminate\Database\Connection->run('create table `m...', Array, Object(Closure))
#2 C:\xampp\htdocs\PapusClubReloaded\vendor\laravel\framework\src\Illuminate\Database\Schema\Blueprint.php(83): Illuminate\Database\Connection->statement('create table `m...')
#3 C:\xampp\htdocs\PapusClubReloaded\vendor\laravel\framework\src\Illuminate\Database\Schema\Builder.php(229): Illuminate\Database\Schema\Blueprint->build(Object(Illuminate\Database\MySqlConnection), Object(Illuminate\Database\Schema\Grammars\MySqlGrammar))
#4 C:\xampp\htdocs\PapusClubReloaded\vendor\laravel\framework\src\Illuminate\Database\Schema\Builder.php(148): Illuminate\Database\Schema\Builder->build(Object(Illuminate\Database\Schema\Blueprint))
#5 C:\xampp\htdocs\PapusClubReloaded\vendor\laravel\framework\src\Illuminate\Support\Facades\Facade.php(219): Illuminate\Database\Schema\Builder->create('multa', Object(Closure))
#6 C:\xampp\htdocs\PapusClubReloaded\database\migrations\2016_05_24_220332_create_multa_table.php(24): Illuminate\Support\Facades\Facade::__callStatic('create', Array)
#7 C:\xampp\htdocs\PapusClubReloaded\vendor\laravel\framework\src\Illuminate\Database\Migrations\Migrator.php(147): CreateMultaTable->up()
#8 C:\xampp\htdocs\PapusClubReloaded\vendor\laravel\framework\src\Illuminate\Database\Migrations\Migrator.php(117): Illuminate\Database\Migrations\Migrator->runUp('2016_05_24_2203...', 1, false)
#9 C:\xampp\htdocs\PapusClubReloaded\vendor\laravel\framework\src\Illuminate\Database\Migrations\Migrator.php(86): Illuminate\Database\Migrations\Migrator->runMigrationList(Array, Array)
#10 C:\xampp\htdocs\PapusClubReloaded\vendor\laravel\framework\src\Illuminate\Database\Console\Migrations\MigrateCommand.php(76): Illuminate\Database\Migrations\Migrator->run('C:\\xampp\\htdocs...', Array)
#11 [internal function]: Illuminate\Database\Console\Migrations\MigrateCommand->fire()
#12 C:\xampp\htdocs\PapusClubReloaded\vendor\laravel\framework\src\Illuminate\Container\Container.php(507): call_user_func_array(Array, Array)
#13 C:\xampp\htdocs\PapusClubReloaded\vendor\laravel\framework\src\Illuminate\Console\Command.php(169): Illuminate\Container\Container->call(Array)
#14 C:\xampp\htdocs\PapusClubReloaded\vendor\symfony\console\Command\Command.php(256): Illuminate\Console\Command->execute(Object(Symfony\Component\Console\Input\ArrayInput), Object(Illuminate\Console\OutputStyle))
#15 C:\xampp\htdocs\PapusClubReloaded\vendor\laravel\framework\src\Illuminate\Console\Command.php(155): Symfony\Component\Console\Command\Command->run(Object(Symfony\Component\Console\Input\ArrayInput), Object(Illuminate\Console\OutputStyle))
#16 C:\xampp\htdocs\PapusClubReloaded\vendor\laravel\framework\src\Illuminate\Console\Command.php(185): Illuminate\Console\Command->run(Object(Symfony\Component\Console\Input\ArrayInput), Object(Illuminate\Console\OutputStyle))
#17 C:\xampp\htdocs\PapusClubReloaded\vendor\laravel\framework\src\Illuminate\Database\Console\Migrations\RefreshCommand.php(54): Illuminate\Console\Command->call('migrate', Array)
#18 [internal function]: Illuminate\Database\Console\Migrations\RefreshCommand->fire()
#19 C:\xampp\htdocs\PapusClubReloaded\vendor\laravel\framework\src\Illuminate\Container\Container.php(507): call_user_func_array(Array, Array)
#20 C:\xampp\htdocs\PapusClubReloaded\vendor\laravel\framework\src\Illuminate\Console\Command.php(169): Illuminate\Container\Container->call(Array)
#21 C:\xampp\htdocs\PapusClubReloaded\vendor\symfony\console\Command\Command.php(256): Illuminate\Console\Command->execute(Object(Symfony\Component\Console\Input\ArgvInput), Object(Symfony\Component\Console\Output\ConsoleOutput))
#22 C:\xampp\htdocs\PapusClubReloaded\vendor\laravel\framework\src\Illuminate\Console\Command.php(155): Symfony\Component\Console\Command\Command->run(Object(Symfony\Component\Console\Input\ArgvInput), Object(Symfony\Component\Console\Output\ConsoleOutput))
#23 C:\xampp\htdocs\PapusClubReloaded\vendor\symfony\console\Application.php(791): Illuminate\Console\Command->run(Object(Symfony\Component\Console\Input\ArgvInput), Object(Symfony\Component\Console\Output\ConsoleOutput))
#24 C:\xampp\htdocs\PapusClubReloaded\vendor\symfony\console\Application.php(186): Symfony\Component\Console\Application->doRunCommand(Object(Illuminate\Database\Console\Migrations\RefreshCommand), Object(Symfony\Component\Console\Input\ArgvInput), Object(Symfony\Component\Console\Output\ConsoleOutput))
#25 C:\xampp\htdocs\PapusClubReloaded\vendor\symfony\console\Application.php(117): Symfony\Component\Console\Application->doRun(Object(Symfony\Component\Console\Input\ArgvInput), Object(Symfony\Component\Console\Output\ConsoleOutput))
#26 C:\xampp\htdocs\PapusClubReloaded\vendor\laravel\framework\src\Illuminate\Foundation\Console\Kernel.php(107): Symfony\Component\Console\Application->run(Object(Symfony\Component\Console\Input\ArgvInput), Object(Symfony\Component\Console\Output\ConsoleOutput))
#27 C:\xampp\htdocs\PapusClubReloaded\artisan(29): Illuminate\Foundation\Console\Kernel->handle(Object(Symfony\Component\Console\Input\ArgvInput), Object(Symfony\Component\Console\Output\ConsoleOutput))
#28 {main}  
